========================================
GSM8K Evaluation Pipeline
========================================
Model: Qwen3-0.6B
Output Directory: results/baseline
Run Name: Qwen3-0.6B_20251113_205708
Dataset Split: test
Number of Queries: All
Max Tokens: 512
Temperature: 0.6
Top-p: 0.95
Top-k: 20
Number of Rollouts: 1
Tensor Parallel: 1
Mode: Zero-shot
Chat Template: Enabled
Thinking Mode: Disabled
========================================

[1/2] Running inference...
Output will be saved to: results/baseline/Qwen3-0.6B_20251113_205708_inference.jsonl

Running: python inference_vllm.py     --model_path "Qwen3-0.6B"     --output_path "results/baseline/Qwen3-0.6B_20251113_205708_inference.jsonl"     --max_tokens 512     --temperature 0.6     --top_p 0.95     --top_k 20     --n_rollouts 1     --tensor_parallel_size 1     --gpu_memory_utilization 0.8     --split test     --n_queries -1
INFO 11-13 20:57:11 [__init__.py:216] Automatically detected platform cuda.
2025-11-13 20:57:12,546 - INFO - ================================================================================
2025-11-13 20:57:12,546 - INFO - Starting VLLM Inference for GSM8K
2025-11-13 20:57:12,546 - INFO - ================================================================================
2025-11-13 20:57:12,546 - INFO - Model path: Qwen3-0.6B
2025-11-13 20:57:12,546 - INFO - Output path: results/baseline/Qwen3-0.6B_20251113_205708_inference.jsonl
2025-11-13 20:57:12,546 - INFO - Dataset split: test
2025-11-13 20:57:12,546 - INFO - Mode: Zero-shot
2025-11-13 20:57:12,547 - INFO - Chat template: Enabled
2025-11-13 20:57:12,547 - INFO - Thinking mode: Disabled
2025-11-13 20:57:12,547 - INFO - Tensor parallel size: 1
2025-11-13 20:57:12,547 - INFO - Max tokens: 512
2025-11-13 20:57:12,547 - INFO - Temperature: 0.6
2025-11-13 20:57:12,547 - INFO - Top-p: 0.95
2025-11-13 20:57:12,547 - INFO - Top-k: 20
2025-11-13 20:57:12,547 - INFO - Number of rollouts per question: 1
2025-11-13 20:57:12,547 - INFO - Loading GSM8K dataset (split: test)...
2025-11-13 20:57:12,571 - INFO - Loaded 1319 examples from GSM8K test set
2025-11-13 20:57:12,571 - INFO - Using full dataset (1319 queries)
2025-11-13 20:57:12,600 - INFO - Loading tokenizer from Qwen3-0.6B
2025-11-13 20:57:12,919 - INFO - Formatting prompts...
2025-11-13 20:57:12,972 - INFO - Initializing VLLM engine
INFO 11-13 20:57:12 [utils.py:328] non-default args: {'gpu_memory_utilization': 0.8, 'disable_log_stats': True, 'model': 'Qwen3-0.6B'}
INFO 11-13 20:57:17 [__init__.py:742] Resolved architecture: Qwen3ForCausalLM
`torch_dtype` is deprecated! Use `dtype` instead!
WARNING 11-13 20:57:17 [__init__.py:2716] Your device 'NVIDIA GeForce RTX 2080 Ti' (with compute capability 7.5) doesn't support torch.bfloat16. Falling back to torch.float16 for compatibility.
WARNING 11-13 20:57:17 [__init__.py:2767] Casting torch.bfloat16 to torch.float16.
INFO 11-13 20:57:17 [__init__.py:1815] Using max model len 40960
INFO 11-13 20:57:17 [scheduler.py:222] Chunked prefill is enabled with max_num_batched_tokens=8192.
[1;36m(EngineCore_DP0 pid=403108)[0;0m INFO 11-13 20:57:17 [core.py:654] Waiting for init message from front-end.
[1;36m(EngineCore_DP0 pid=403108)[0;0m INFO 11-13 20:57:17 [core.py:76] Initializing a V1 LLM engine (v0.10.2) with config: model='Qwen3-0.6B', speculative_config=None, tokenizer='Qwen3-0.6B', skip_tokenizer_init=False, tokenizer_mode=auto, revision=None, tokenizer_revision=None, trust_remote_code=False, dtype=torch.float16, max_seq_len=40960, download_dir=None, load_format=auto, tensor_parallel_size=1, pipeline_parallel_size=1, data_parallel_size=1, disable_custom_all_reduce=False, quantization=None, enforce_eager=False, kv_cache_dtype=auto, device_config=cuda, decoding_config=DecodingConfig(backend='auto', disable_fallback=False, disable_any_whitespace=False, disable_additional_properties=False, reasoning_backend=''), observability_config=ObservabilityConfig(show_hidden_metrics_for_version=None, otlp_traces_endpoint=None, collect_detailed_traces=None), seed=0, served_model_name=Qwen3-0.6B, enable_prefix_caching=True, chunked_prefill_enabled=True, use_async_output_proc=True, pooler_config=None, compilation_config={"level":3,"debug_dump_path":"","cache_dir":"","backend":"","custom_ops":[],"splitting_ops":["vllm.unified_attention","vllm.unified_attention_with_output","vllm.mamba_mixer2","vllm.mamba_mixer","vllm.short_conv","vllm.linear_attention","vllm.plamo2_mamba_mixer","vllm.gdn_attention"],"use_inductor":true,"compile_sizes":[],"inductor_compile_config":{"enable_auto_functionalized_v2":false},"inductor_passes":{},"cudagraph_mode":1,"use_cudagraph":true,"cudagraph_num_of_warmups":1,"cudagraph_capture_sizes":[512,504,496,488,480,472,464,456,448,440,432,424,416,408,400,392,384,376,368,360,352,344,336,328,320,312,304,296,288,280,272,264,256,248,240,232,224,216,208,200,192,184,176,168,160,152,144,136,128,120,112,104,96,88,80,72,64,56,48,40,32,24,16,8,4,2,1],"cudagraph_copy_inputs":false,"full_cuda_graph":false,"pass_config":{},"max_capture_size":512,"local_cache_dir":null}
[1;36m(EngineCore_DP0 pid=403108)[0;0m WARNING 11-13 20:57:19 [interface.py:391] Using 'pin_memory=False' as WSL is detected. This may slow down the performance.
[1;36m(EngineCore_DP0 pid=403108)[0;0m ERROR 11-13 20:57:19 [fa_utils.py:57] Cannot use FA version 2 is not supported due to FA2 is only supported on devices with compute capability >= 8
[W1113 20:57:29.858823907 socket.cpp:200] [c10d] The hostname of the client socket cannot be retrieved. err=-3
[W1113 20:57:39.870490534 socket.cpp:200] [c10d] The hostname of the client socket cannot be retrieved. err=-3
[W1113 20:57:39.872665902 ProcessGroupNCCL.cpp:981] Warning: TORCH_NCCL_AVOID_RECORD_STREAMS is the default now, this environment variable is thus deprecated. (function operator())
[Gloo] Rank 0 is connected to 0 peer ranks. Expected number of connected peer ranks is : 0
[Gloo] Rank 0 is connected to 0 peer ranks. Expected number of connected peer ranks is : 0
[Gloo] Rank 0 is connected to 0 peer ranks. Expected number of connected peer ranks is : 0
[Gloo] Rank 0 is connected to 0 peer ranks. Expected number of connected peer ranks is : 0
[Gloo] Rank 0 is connected to 0 peer ranks. Expected number of connected peer ranks is : 0
[Gloo] Rank 0 is connected to 0 peer ranks. Expected number of connected peer ranks is : 0
[1;36m(EngineCore_DP0 pid=403108)[0;0m INFO 11-13 20:57:40 [parallel_state.py:1165] rank 0 in world size 1 is assigned as DP rank 0, PP rank 0, TP rank 0, EP rank 0
[1;36m(EngineCore_DP0 pid=403108)[0;0m WARNING 11-13 20:57:40 [topk_topp_sampler.py:69] FlashInfer is not available. Falling back to the PyTorch-native implementation of top-p & top-k sampling. For the best performance, please install FlashInfer.
[1;36m(EngineCore_DP0 pid=403108)[0;0m INFO 11-13 20:57:40 [gpu_model_runner.py:2338] Starting to load model Qwen3-0.6B...
[1;36m(EngineCore_DP0 pid=403108)[0;0m INFO 11-13 20:57:40 [gpu_model_runner.py:2370] Loading model from scratch...
[1;36m(EngineCore_DP0 pid=403108)[0;0m INFO 11-13 20:57:40 [cuda.py:368] Using FlexAttention backend on V1 engine.
[1;36m(EngineCore_DP0 pid=403108)[0;0m Loading safetensors checkpoint shards:   0% Completed | 0/1 [00:00<?, ?it/s]
[1;36m(EngineCore_DP0 pid=403108)[0;0m Loading safetensors checkpoint shards: 100% Completed | 1/1 [00:00<00:00,  1.82it/s]
[1;36m(EngineCore_DP0 pid=403108)[0;0m Loading safetensors checkpoint shards: 100% Completed | 1/1 [00:00<00:00,  1.82it/s]
[1;36m(EngineCore_DP0 pid=403108)[0;0m 
[1;36m(EngineCore_DP0 pid=403108)[0;0m INFO 11-13 20:57:41 [default_loader.py:268] Loading weights took 0.56 seconds
[1;36m(EngineCore_DP0 pid=403108)[0;0m INFO 11-13 20:57:41 [gpu_model_runner.py:2392] Model loading took 1.1201 GiB and 0.852107 seconds
[1;36m(EngineCore_DP0 pid=403108)[0;0m INFO 11-13 20:57:45 [backends.py:539] Using cache directory: /home/timho/.cache/vllm/torch_compile_cache/12ff1cc2ac/rank_0_0/backbone for vLLM's torch.compile
[1;36m(EngineCore_DP0 pid=403108)[0;0m INFO 11-13 20:57:45 [backends.py:550] Dynamo bytecode transform time: 4.00 s
[1;36m(EngineCore_DP0 pid=403108)[0;0m INFO 11-13 20:57:48 [backends.py:161] Directly load the compiled graph(s) for dynamic shape from the cache, took 2.638 s
[1;36m(EngineCore_DP0 pid=403108)[0;0m INFO 11-13 20:57:49 [monitor.py:34] torch.compile takes 4.00 s in total
[1;36m(EngineCore_DP0 pid=403108)[0;0m INFO 11-13 20:57:50 [gpu_worker.py:298] Available KV cache memory: 15.06 GiB
[1;36m(EngineCore_DP0 pid=403108)[0;0m INFO 11-13 20:57:50 [kv_cache_utils.py:864] GPU KV cache size: 141,024 tokens
[1;36m(EngineCore_DP0 pid=403108)[0;0m INFO 11-13 20:57:50 [kv_cache_utils.py:868] Maximum concurrency for 40,960 tokens per request: 3.44x
[1;36m(EngineCore_DP0 pid=403108)[0;0m Capturing CUDA graphs (mixed prefill-decode, PIECEWISE):   0%|          | 0/67 [00:00<?, ?it/s]Capturing CUDA graphs (mixed prefill-decode, PIECEWISE):   4%|â–         | 3/67 [00:00<00:02, 23.52it/s]Capturing CUDA graphs (mixed prefill-decode, PIECEWISE):   9%|â–‰         | 6/67 [00:00<00:02, 23.29it/s]Capturing CUDA graphs (mixed prefill-decode, PIECEWISE):  13%|â–ˆâ–Ž        | 9/67 [00:00<00:02, 23.61it/s]Capturing CUDA graphs (mixed prefill-decode, PIECEWISE):  18%|â–ˆâ–Š        | 12/67 [00:00<00:02, 23.64it/s]Capturing CUDA graphs (mixed prefill-decode, PIECEWISE):  22%|â–ˆâ–ˆâ–       | 15/67 [00:00<00:02, 23.56it/s]Capturing CUDA graphs (mixed prefill-decode, PIECEWISE):  27%|â–ˆâ–ˆâ–‹       | 18/67 [00:00<00:02, 24.12it/s]Capturing CUDA graphs (mixed prefill-decode, PIECEWISE):  31%|â–ˆâ–ˆâ–ˆâ–      | 21/67 [00:00<00:01, 24.19it/s]Capturing CUDA graphs (mixed prefill-decode, PIECEWISE):  36%|â–ˆâ–ˆâ–ˆâ–Œ      | 24/67 [00:00<00:01, 24.50it/s]Capturing CUDA graphs (mixed prefill-decode, PIECEWISE):  40%|â–ˆâ–ˆâ–ˆâ–ˆ      | 27/67 [00:01<00:01, 25.23it/s]Capturing CUDA graphs (mixed prefill-decode, PIECEWISE):  45%|â–ˆâ–ˆâ–ˆâ–ˆâ–     | 30/67 [00:01<00:01, 25.67it/s]Capturing CUDA graphs (mixed prefill-decode, PIECEWISE):  49%|â–ˆâ–ˆâ–ˆâ–ˆâ–‰     | 33/67 [00:01<00:01, 25.82it/s]Capturing CUDA graphs (mixed prefill-decode, PIECEWISE):  54%|â–ˆâ–ˆâ–ˆâ–ˆâ–ˆâ–Ž    | 36/67 [00:01<00:01, 25.78it/s]Capturing CUDA graphs (mixed prefill-decode, PIECEWISE):  58%|â–ˆâ–ˆâ–ˆâ–ˆâ–ˆâ–Š    | 39/67 [00:01<00:01, 26.27it/s]Capturing CUDA graphs (mixed prefill-decode, PIECEWISE):  63%|â–ˆâ–ˆâ–ˆâ–ˆâ–ˆâ–ˆâ–Ž   | 42/67 [00:01<00:00, 25.81it/s]Capturing CUDA graphs (mixed prefill-decode, PIECEWISE):  67%|â–ˆâ–ˆâ–ˆâ–ˆâ–ˆâ–ˆâ–‹   | 45/67 [00:01<00:00, 25.70it/s]Capturing CUDA graphs (mixed prefill-decode, PIECEWISE):  72%|â–ˆâ–ˆâ–ˆâ–ˆâ–ˆâ–ˆâ–ˆâ–  | 48/67 [00:01<00:00, 24.15it/s]Capturing CUDA graphs (mixed prefill-decode, PIECEWISE):  76%|â–ˆâ–ˆâ–ˆâ–ˆâ–ˆâ–ˆâ–ˆâ–Œ  | 51/67 [00:02<00:00, 25.15it/s]Capturing CUDA graphs (mixed prefill-decode, PIECEWISE):  81%|â–ˆâ–ˆâ–ˆâ–ˆâ–ˆâ–ˆâ–ˆâ–ˆ  | 54/67 [00:02<00:00, 24.74it/s]Capturing CUDA graphs (mixed prefill-decode, PIECEWISE):  85%|â–ˆâ–ˆâ–ˆâ–ˆâ–ˆâ–ˆâ–ˆâ–ˆâ–Œ | 57/67 [00:02<00:00, 25.91it/s]Capturing CUDA graphs (mixed prefill-decode, PIECEWISE):  90%|â–ˆâ–ˆâ–ˆâ–ˆâ–ˆâ–ˆâ–ˆâ–ˆâ–‰ | 60/67 [00:02<00:00, 25.23it/s]Capturing CUDA graphs (mixed prefill-decode, PIECEWISE):  94%|â–ˆâ–ˆâ–ˆâ–ˆâ–ˆâ–ˆâ–ˆâ–ˆâ–ˆâ–| 63/67 [00:02<00:00, 26.14it/s]Capturing CUDA graphs (mixed prefill-decode, PIECEWISE):  99%|â–ˆâ–ˆâ–ˆâ–ˆâ–ˆâ–ˆâ–ˆâ–ˆâ–ˆâ–Š| 66/67 [00:02<00:00, 26.82it/s]Capturing CUDA graphs (mixed prefill-decode, PIECEWISE): 100%|â–ˆâ–ˆâ–ˆâ–ˆâ–ˆâ–ˆâ–ˆâ–ˆâ–ˆâ–ˆ| 67/67 [00:02<00:00, 24.99it/s]
[1;36m(EngineCore_DP0 pid=403108)[0;0m INFO 11-13 20:57:54 [gpu_model_runner.py:3118] Graph capturing finished in 3 secs, took 0.77 GiB
[1;36m(EngineCore_DP0 pid=403108)[0;0m INFO 11-13 20:57:54 [gpu_worker.py:391] Free memory on device (20.79/22.0 GiB) on startup. Desired GPU memory utilization is (0.8, 17.6 GiB). Actual usage is 1.12 GiB for weight, 1.4 GiB for peak activation, 0.01 GiB for non-torch memory, and 0.77 GiB for CUDAGraph memory. Replace gpu_memory_utilization config with `--kv-cache-memory=15193117286` to fit into requested memory, or `--kv-cache-memory=18615512064` to fully utilize gpu memory. Current kv cache memory in use is 16174908006 bytes.
[1;36m(EngineCore_DP0 pid=403108)[0;0m INFO 11-13 20:57:54 [core.py:218] init engine (profile, create kv cache, warmup model) took 12.67 seconds
INFO 11-13 20:57:54 [llm.py:295] Supported_tasks: ['generate']
INFO 11-13 20:57:54 [__init__.py:36] No IOProcessor plugins requested by the model
Traceback (most recent call last):
  File "/home/timho/workspace/COMP4901B-LLMs/.venv/lib/python3.13/site-packages/transformers/tokenization_utils_base.py", line 795, in convert_to_tensors
    tensor = as_tensor(value)
  File "/home/timho/workspace/COMP4901B-LLMs/.venv/lib/python3.13/site-packages/transformers/tokenization_utils_base.py", line 742, in as_tensor
    return torch.tensor(value, dtype=dtype)
           ~~~~~~~~~~~~^^^^^^^^^^^^^^^^^^^^
ValueError: expected sequence of length 92 at dim 1 (got 53)

The above exception was the direct cause of the following exception:

Traceback (most recent call last):
  File "/home/timho/workspace/COMP4901B-LLMs/assignment3/inference_vllm.py", line 437, in <module>
    main()
    ~~~~^^
  File "/home/timho/workspace/COMP4901B-LLMs/assignment3/inference_vllm.py", line 416, in main
    run_inference(
    ~~~~~~~~~~~~~^
        model_path=args.model_path,
        ^^^^^^^^^^^^^^^^^^^^^^^^^^^
    ...<14 lines>...
        n_queries=args.n_queries,
        ^^^^^^^^^^^^^^^^^^^^^^^^^
    )
    ^
  File "/home/timho/workspace/COMP4901B-LLMs/assignment3/inference_vllm.py", line 273, in run_inference
    input_ids = tokenizer(formatted_prompts, return_tensors="pt").input_ids
                ~~~~~~~~~^^^^^^^^^^^^^^^^^^^^^^^^^^^^^^^^^^^^^^^^
  File "/home/timho/workspace/COMP4901B-LLMs/.venv/lib/python3.13/site-packages/transformers/tokenization_utils_base.py", line 2938, in __call__
    encodings = self._call_one(text=text, text_pair=text_pair, **all_kwargs)
  File "/home/timho/workspace/COMP4901B-LLMs/.venv/lib/python3.13/site-packages/transformers/tokenization_utils_base.py", line 3026, in _call_one
    return self.batch_encode_plus(
           ~~~~~~~~~~~~~~~~~~~~~~^
        batch_text_or_text_pairs=batch_text_or_text_pairs,
        ^^^^^^^^^^^^^^^^^^^^^^^^^^^^^^^^^^^^^^^^^^^^^^^^^^
    ...<17 lines>...
        **kwargs,
        ^^^^^^^^^
    )
    ^
  File "/home/timho/workspace/COMP4901B-LLMs/.venv/lib/python3.13/site-packages/transformers/tokenization_utils_base.py", line 3227, in batch_encode_plus
    return self._batch_encode_plus(
           ~~~~~~~~~~~~~~~~~~~~~~~^
        batch_text_or_text_pairs=batch_text_or_text_pairs,
        ^^^^^^^^^^^^^^^^^^^^^^^^^^^^^^^^^^^^^^^^^^^^^^^^^^
    ...<17 lines>...
        **kwargs,
        ^^^^^^^^^
    )
    ^
  File "/home/timho/workspace/COMP4901B-LLMs/.venv/lib/python3.13/site-packages/transformers/tokenization_utils_fast.py", line 601, in _batch_encode_plus
    return BatchEncoding(sanitized_tokens, sanitized_encodings, tensor_type=return_tensors)
  File "/home/timho/workspace/COMP4901B-LLMs/.venv/lib/python3.13/site-packages/transformers/tokenization_utils_base.py", line 248, in __init__
    self.convert_to_tensors(tensor_type=tensor_type, prepend_batch_axis=prepend_batch_axis)
    ~~~~~~~~~~~~~~~~~~~~~~~^^^^^^^^^^^^^^^^^^^^^^^^^^^^^^^^^^^^^^^^^^^^^^^^^^^^^^^^^^^^^^^^
  File "/home/timho/workspace/COMP4901B-LLMs/.venv/lib/python3.13/site-packages/transformers/tokenization_utils_base.py", line 811, in convert_to_tensors
    raise ValueError(
    ...<4 lines>...
    ) from e
ValueError: Unable to create tensor, you should probably activate truncation and/or padding with 'padding=True' 'truncation=True' to have batched tensors with the same length. Perhaps your features (`input_ids` in this case) have excessive nesting (inputs type `list` where type `int` is expected).
ERROR 11-13 20:57:55 [core_client.py:564] Engine core proc EngineCore_DP0 died unexpectedly, shutting down client.
ERROR: Inference failed - output file not created
